<?xml version="1.0" encoding="UTF-8"?>
<!-- Generated by org.testng.reporters.JUnitReportReporter -->
<testsuite hostname="DESKTOP-7EUDCAL" failures="0" tests="2" name="com.sauce.testcases.LoginTest" time="13.069" errors="0" timestamp="2022-10-19T10:41:57 GMT-04:00" skipped="0">
  <testcase classname="com.sauce.testcases.LoginTest" name="Invalidlogin" time="7.329"/>
  <system-out/>
  <testcase classname="com.sauce.testcases.LoginTest" name="Validlogin" time="5.740"/>
  <system-out/>
</testsuite> <!-- com.sauce.testcases.LoginTest -->
