<?xml version="1.0" encoding="UTF-8"?>
<!-- Generated by org.testng.reporters.JUnitReportReporter -->
<testsuite hostname="DESKTOP-7EUDCAL" failures="0" tests="1" name="com.sauce.testcases.LogoutTest" time="8.306" errors="0" timestamp="2022-10-19T10:41:57 GMT-04:00" skipped="0">
  <testcase classname="com.sauce.testcases.LogoutTest" name="logoout" time="8.306"/>
  <system-out/>
</testsuite> <!-- com.sauce.testcases.LogoutTest -->
