<?xml version="1.0" encoding="UTF-8"?>
<!-- Generated by org.testng.reporters.JUnitReportReporter -->
<testsuite hostname="DESKTOP-7EUDCAL" failures="0" tests="1" name="com.sauce.tests.LoginTest" time="14.812" errors="0" timestamp="2022-10-20T10:09:32 GMT-04:00" skipped="0">
  <testcase classname="com.sauce.tests.LoginTest" name="login" time="14.812"/>
  <system-out/>
</testsuite> <!-- com.sauce.tests.LoginTest -->
