<?xml version="1.0" encoding="UTF-8"?>
<!-- Generated by org.testng.reporters.JUnitReportReporter -->
<testsuite hostname="DESKTOP-7EUDCAL" failures="0" tests="1" name="com.sauce.tests.AddEmployeeTest" time="16.304" errors="0" timestamp="2022-10-20T10:25:33 GMT-04:00" skipped="0">
  <testcase classname="com.sauce.tests.AddEmployeeTest" name="Addemployee" time="16.304"/>
  <system-out/>
</testsuite> <!-- com.sauce.tests.AddEmployeeTest -->
