<?xml version="1.0" encoding="UTF-8"?>
<!-- Generated by org.testng.reporters.JUnitReportReporter -->
<testsuite hostname="DESKTOP-7EUDCAL" failures="0" tests="1" name="com.testng.tests.LogOutTest" time="3.768" errors="0" timestamp="2022-10-17T10:17:39 GMT-04:00" skipped="0">
  <testcase classname="com.testng.tests.LogOutTest" name="logout" time="3.768"/>
  <system-out/>
</testsuite> <!-- com.testng.tests.LogOutTest -->
