<?xml version="1.0" encoding="UTF-8"?>
<!-- Generated by org.testng.reporters.JUnitReportReporter -->
<testsuite hostname="DESKTOP-7EUDCAL" failures="0" tests="3" name="com.testng.examples.Annotation_Ex" time="0.009" errors="0" timestamp="2022-10-17T09:58:58 GMT-04:00" skipped="0">
  <testcase classname="com.testng.examples.Annotation_Ex" name="methodB" time="0.003"/>
  <system-out/>
  <testcase classname="com.testng.examples.Annotation_Ex" name="methodC" time="0.001"/>
  <system-out/>
  <testcase classname="com.testng.examples.Annotation_Ex" name="methodA" time="0.005"/>
  <system-out/>
</testsuite> <!-- com.testng.examples.Annotation_Ex -->
