<?xml version="1.0" encoding="UTF-8"?>
<!-- Generated by org.testng.reporters.JUnitReportReporter -->
<testsuite hostname="DESKTOP-7EUDCAL" failures="0" tests="2" name="com.testng.examples.SampleTestng" time="0.012" errors="0" timestamp="2022-10-17T09:48:35 GMT-04:00" skipped="0">
  <testcase classname="com.testng.examples.SampleTestng" name="method1" time="0.010"/>
  <system-out/>
  <testcase classname="com.testng.examples.SampleTestng" name="method3" time="0.002"/>
  <system-out/>
</testsuite> <!-- com.testng.examples.SampleTestng -->
