<?xml version="1.0" encoding="UTF-8"?>
<!-- Generated by org.testng.reporters.JUnitReportReporter -->
<testsuite hostname="DESKTOP-7EUDCAL" failures="0" tests="4" name="com.testng.examples.Priority_Ex" time="0.015" errors="0" timestamp="2022-10-17T10:05:31 GMT-04:00" skipped="0">
  <testcase classname="com.testng.examples.Priority_Ex" name="add" time="0.010"/>
  <system-out/>
  <testcase classname="com.testng.examples.Priority_Ex" name="start" time="0.002"/>
  <system-out/>
  <testcase classname="com.testng.examples.Priority_Ex" name="sub" time="0.001"/>
  <system-out/>
  <testcase classname="com.testng.examples.Priority_Ex" name="york" time="0.002"/>
  <system-out/>
</testsuite> <!-- com.testng.examples.Priority_Ex -->
